<?xml version="1.0" encoding="UTF-8"?>
<!-- Generated by org.testng.reporters.JUnitReportReporter -->
<testsuite hostname="GeethikaAdithrichennupatis-MacBook-Air.local" failures="0" tests="1" name="runner.HomePageRunner" time="93.404" errors="0" timestamp="2024-05-15T20:16:57 IST" skipped="0">
  <testcase classname="runner.HomePageRunner" name="runScenario" time="93.404"/>
  <system-out/>
</testsuite> <!-- runner.HomePageRunner -->
